<?xml version="1.0" encoding="UTF-8"?>
<!-- Generated by org.testng.reporters.JUnitReportReporter -->
<testsuite skipped="0" hostname="sivaranjanis-MacBook-Pro.local" name="APIDemos.apidemos" tests="1" failures="0" timestamp="20 May 2019 17:32:09 GMT" time="2.127" errors="0">
  <testcase name="rotationcheck" time="2.127" classname="APIDemos.apidemos"/>
</testsuite> <!-- APIDemos.apidemos -->
