<?xml version="1.0" encoding="UTF-8"?>
<!-- Generated by org.testng.reporters.JUnitReportReporter -->
<testsuite skipped="0" hostname="sivaranjanisMBP" name="Runner.runner" tests="2" failures="0" timestamp="21 May 2019 05:49:33 GMT" time="184.442" errors="0">
  <testcase name="feature" time="148.102" classname="Runner.runner"/>
  <testcase name="feature" time="36.340" classname="Runner.runner"/>
</testsuite> <!-- Runner.runner -->
